2017-09-04 15:06:08.6135 ERROR Unable to validate user admin@Fertilizer.com
2017-09-04 15:06:08.6795 ERROR Value cannot be null.
Parameter name: value
2017-09-04 15:06:54.9391 ERROR Unable to validate user admin@Fertilizer.com
2017-09-04 15:06:54.9411 ERROR Value cannot be null.
Parameter name: value
2017-09-04 15:06:58.5398 ERROR Unable to validate user admin@Fertilizer.com
2017-09-04 15:06:58.5398 ERROR Value cannot be null.
Parameter name: value
2017-09-04 15:07:36.1420 ERROR Unable to validate user admin@Fertilizer.com
2017-09-04 15:07:36.1470 ERROR Value cannot be null.
Parameter name: value
2017-09-04 15:12:54.6426 ERROR Unable to validate user admin@Fertilizer.com
2017-09-04 15:12:54.6456 ERROR Value cannot be null.
Parameter name: value
2017-09-04 15:13:11.6830 ERROR Unable to validate user admin@Fertilizer.com
2017-09-04 15:13:11.6940 ERROR Value cannot be null.
Parameter name: value
2017-09-04 15:21:11.4769 INFO start Warehouse: 
2017-09-04 15:21:11.4959 INFO User ID : 1 , Company Id : 1
2017-09-04 15:21:11.6180 INFO End  Warehouse: 
2017-09-04 15:21:14.3490 INFO Get Company: 
2017-09-04 15:21:14.3490 INFO End Get Company: 
2017-09-04 15:21:14.4230 INFO start Warehouse: 
2017-09-04 15:21:14.4270 INFO User ID : 1 , Company Id : 1
2017-09-04 15:21:14.4270 INFO End  Warehouse: 
2017-09-04 15:21:28.5701 INFO start State: 
2017-09-04 15:21:28.5701 INFO User ID : 1 , Company Id : 1
2017-09-04 15:21:28.5971 INFO End  Stste: 
2017-09-04 15:22:23.2877 INFO start addState: 
2017-09-04 15:22:23.2877 INFO User ID : 1 , Company Id : 1
2017-09-04 15:22:23.5655 INFO End  AddState: 
2017-09-04 15:22:27.5011 INFO Get Company: 
2017-09-04 15:22:27.5071 INFO End Get Company: 
2017-09-04 15:22:27.5692 INFO start State: 
2017-09-04 15:22:27.5692 INFO User ID : 1 , Company Id : 1
2017-09-04 15:22:27.5912 INFO End  Stste: 
2017-09-04 15:22:51.5582 INFO start City: 
2017-09-04 15:22:51.5582 INFO User ID : 1 , Company Id : 1
2017-09-04 15:22:51.6022 INFO End  City: 
2017-09-04 15:22:52.7441 INFO start State: 
2017-09-04 15:22:52.7441 INFO User ID : 1 , Company Id : 1
2017-09-04 15:22:52.7551 INFO End  Stste: 
2017-09-04 15:23:03.5833 INFO start add City: 
2017-09-04 15:23:03.5833 INFO User ID : 1 , Company Id : 1
2017-09-04 15:23:03.6161 INFO End add City: 
2017-09-04 15:23:33.2988 INFO start TaxGroup: 
2017-09-04 15:23:33.3048 INFO User ID : 1 , Company Id : 1
2017-09-04 15:23:33.3268 INFO End  TaxGroup: 
2017-09-04 15:23:34.8666 INFO start Tax: 
2017-09-04 15:23:34.8666 INFO User ID : 1 , Company Id : 1
2017-09-04 15:23:34.9006 INFO End  TaxMaster: 
2017-09-04 15:23:34.9006 INFO start : 
2017-09-04 15:23:34.9006 INFO User ID : 1 , Company Id : 1
2017-09-04 15:23:34.9917 ERROR Error in OrderDetails Input string was not in a correct format.
2017-09-04 15:23:35.0027 INFO End  OrderDetails: 
2017-09-04 15:23:46.1306 INFO start Tax: 
2017-09-04 15:23:46.1446 INFO User ID : 1 , Company Id : 1
2017-09-04 15:23:46.1697 INFO End  TaxMaster: 
2017-09-04 15:24:00.0404 INFO start addTaxMaster: 
2017-09-04 15:24:00.0404 INFO User ID : 1 , Company Id : 1
2017-09-04 15:24:00.0602 INFO End  Add : 
2017-09-04 15:24:01.9566 INFO start TaxGroup: 
2017-09-04 15:24:01.9566 INFO User ID : 1 , Company Id : 1
2017-09-04 15:24:01.9566 INFO End  TaxGroup: 
2017-09-04 15:24:03.1265 INFO start Tax: 
2017-09-04 15:24:03.1315 INFO User ID : 1 , Company Id : 1
2017-09-04 15:24:03.1265 INFO start : 
2017-09-04 15:24:03.1495 INFO User ID : 1 , Company Id : 1
2017-09-04 15:24:03.1625 INFO End  TaxMaster: 
2017-09-04 15:24:03.1625 ERROR Error in OrderDetails Input string was not in a correct format.
2017-09-04 15:24:03.1775 INFO End  OrderDetails: 
2017-09-04 15:24:13.6713 INFO start add TaxGroup: 
2017-09-04 15:24:13.6853 INFO User ID : 1 , Company Id : 1
2017-09-04 15:24:13.7253 INFO End  Add TaxGroup: 
2017-09-04 15:24:17.4013 INFO start add TaxGroup: 
2017-09-04 15:24:17.4103 INFO User ID : 1 , Company Id : 1
2017-09-04 15:24:17.4243 INFO End  Add TaxGroup: 
2017-09-04 15:24:22.9644 INFO start Warehouse: 
2017-09-04 15:24:22.9734 INFO User ID : 1 , Company Id : 1
2017-09-04 15:24:22.9734 INFO End  Warehouse: 
2017-09-04 15:24:23.8499 INFO start State: 
2017-09-04 15:24:23.8499 INFO User ID : 1 , Company Id : 1
2017-09-04 15:24:23.8499 INFO start City: 
2017-09-04 15:24:23.8839 INFO User ID : 1 , Company Id : 1
2017-09-04 15:24:23.8839 INFO start TaxGroup: 
2017-09-04 15:24:23.8839 INFO End  Stste: 
2017-09-04 15:24:23.9019 INFO User ID : 1 , Company Id : 1
2017-09-04 15:24:23.9139 INFO End  City: 
2017-09-04 15:24:24.0340 INFO End  TaxGroup: 
2017-09-04 15:25:01.0721 INFO start addWarehouse: 
2017-09-04 15:25:01.0721 INFO User ID : 1 , Company Id : 1
2017-09-04 15:25:01.1167 INFO End  Warehouse: 
2017-09-04 15:25:10.0131 INFO start Warehouse: 
2017-09-04 15:25:10.0221 INFO User ID : 1 , Company Id : 1
2017-09-04 15:25:10.0462 INFO End  Cluster: 
2017-09-04 15:25:19.2195 INFO start Warehouse: 
2017-09-04 15:25:22.9152 INFO User ID : 1 , Company Id : 1
2017-09-04 15:25:22.9472 INFO start ItemMaster: 
2017-09-04 15:25:22.9572 INFO User ID : 1 , Company Id : 1
2017-09-04 15:25:22.9752 INFO End  Warehouse: 
2017-09-04 15:25:23.0713 INFO End ItemMaster: 
2017-09-04 15:25:26.0175 INFO start City: 
2017-09-04 15:26:27.3088 INFO start SubCategory: 
2017-09-04 15:26:27.3448 INFO User ID : 1 , Company Id : 1
2017-09-04 15:26:27.3558 INFO start Item Master: 
2017-09-04 15:26:27.3448 INFO User ID : 1 , Company Id : 1
2017-09-04 15:26:27.3628 INFO User ID : 1 , Company Id : 1
2017-09-04 15:26:27.3628 INFO End  City: 
2017-09-04 15:26:27.3868 INFO start Subsubategory: 
2017-09-04 15:26:27.3949 INFO start Category: 
2017-09-04 15:26:27.3949 INFO User ID : 1 , Company Id : 1
2017-09-04 15:26:27.3949 INFO User ID : 1 , Company Id : 1
2017-09-04 15:26:27.4109 INFO End  SubCategory: 
2017-09-04 15:26:27.4109 INFO End  Item Master: 
2017-09-04 15:26:27.4439 INFO start Warehouse: 
2017-09-04 15:26:27.4439 INFO User ID : 1 , Company Id : 1
2017-09-04 15:26:27.4439 INFO start Category: 
2017-09-04 15:26:27.4599 INFO User ID : 1 , Company Id : 1
2017-09-04 15:26:27.4599 INFO End  Category: 
2017-09-04 15:26:29.3306 INFO End  Subsubategory: 
2017-09-04 15:26:27.4599 INFO End  Warehouse: 
2017-09-04 15:26:30.5264 INFO start TaxGroup: 
2017-09-04 15:26:30.5374 INFO User ID : 1 , Company Id : 1
2017-09-04 15:26:30.4954 INFO End  WarehouseCategory: 
2017-09-04 15:26:30.5374 INFO start Supplier: 
2017-09-04 15:26:30.5635 INFO User ID : 1 , Company Id : 1
2017-09-04 15:26:30.5705 INFO End  TaxGroup: 
2017-09-04 15:26:30.6745 INFO End  Supplier: 
2017-09-04 15:26:54.7798 INFO start Item Upload Exel File: 
2017-09-04 15:27:19.1453 INFO start Item Upload Exel File: 
2017-09-04 15:27:57.4580 INFO  itemmaster excel for each loop before add: Magfert 50kg
2017-09-04 15:28:21.5345 INFO  itemmaster excel for each loop before add: Magfert foliar 100ml
2017-09-04 15:28:21.5643 INFO  itemmaster excel for each loop before add: Magfert foliar 250 ml
2017-09-04 15:28:21.5834 INFO  itemmaster excel for each loop before add: Magfert foliar 500ml
2017-09-04 15:28:21.5982 INFO  itemmaster excel for each loop before add: Magfert foliar 1lit
2017-09-04 15:28:21.6152 INFO  itemmaster excel for each loop before add: Magnesium sulphate 50kg
2017-09-04 15:28:21.6292 INFO  itemmaster excel for each loop before add: Magnesium sulphate 10kg
2017-09-04 15:28:21.6442 INFO  itemmaster excel for each loop before add: Razinc 100ml
2017-09-04 15:28:21.6588 INFO  itemmaster excel for each loop before add: Razinc 250ml
2017-09-04 15:28:21.6588 INFO  itemmaster excel for each loop before add: Razinc 500ml
2017-09-04 15:28:21.6905 INFO  itemmaster excel for each loop before add: Razinc 1lit
2017-09-04 15:28:21.7095 INFO  itemmaster excel for each loop before add: Zinc sulphate 1kg
2017-09-04 15:28:21.7305 INFO  itemmaster excel for each loop before add: Copper sulphate 1kg
2017-09-04 15:28:21.7415 INFO  itemmaster excel for each loop before add: Boron 10.5% 100gm
2017-09-04 15:28:21.7536 INFO  itemmaster excel for each loop before add: Boron 10.5% 1kg
2017-09-04 15:28:21.7722 INFO  itemmaster excel for each loop before add: Rafemin 2kg
2017-09-04 15:28:21.7922 INFO  itemmaster excel for each loop before add: Rafemin 5kg
2017-09-04 15:28:21.8092 INFO  itemmaster excel for each loop before add: Rafemin high zinc 1kg
2017-09-04 15:28:21.8232 INFO  itemmaster excel for each loop before add: Saptarishi 250gm
2017-09-04 15:28:31.4868 INFO Get Company: 
2017-09-04 15:28:31.4978 INFO End Get Company: 
2017-09-04 15:28:31.6229 INFO start ItemMaster: 
2017-09-04 15:28:31.6229 INFO start Warehouse: 
2017-09-04 15:28:31.6299 INFO User ID : 1 , Company Id : 1
2017-09-04 15:28:31.6299 INFO User ID : 1 , Company Id : 1
2017-09-04 15:28:31.6530 INFO End  Warehouse: 
2017-09-04 15:28:31.6530 INFO End ItemMaster: 
2017-09-04 15:34:07.7367 INFO start Warehouse: 
2017-09-04 15:34:07.7417 INFO User ID : 1 , Company Id : 1
2017-09-04 15:34:07.7417 INFO start City: 
2017-09-04 15:34:07.7417 INFO Get Peoples: 
2017-09-04 15:34:07.7577 INFO User ID : 1 , Company Id : 1
2017-09-04 15:34:07.7847 INFO End Get Company: 
2017-09-04 15:34:07.7847 INFO End  Warehouse: 
2017-09-04 15:34:07.8047 INFO End  City: 
2017-09-04 15:34:07.8658 INFO start Warehouse: 
2017-09-04 15:34:07.8658 INFO User ID : 1 , Company Id : 1
2017-09-04 15:34:07.8878 INFO End  Warehouse: 
2017-09-04 15:34:09.8073 INFO start State: 
2017-09-04 15:34:09.8163 INFO User ID : 1 , Company Id : 1
2017-09-04 15:34:09.8163 INFO End  Stste: 
2017-09-04 15:34:10.8676 INFO start City: 
2017-09-04 15:34:10.8676 INFO User ID : 1 , Company Id : 1
2017-09-04 15:34:10.8826 INFO End  City: 
2017-09-04 15:34:11.8082 INFO start Slider: 
2017-09-04 15:34:11.8302 INFO End  Slider: 
2017-09-04 15:34:12.7595 INFO start Warehouse: 
2017-09-04 15:34:12.7595 INFO User ID : 1 , Company Id : 1
2017-09-04 15:34:12.7595 INFO start City: 
2017-09-04 15:34:12.7715 INFO User ID : 1 , Company Id : 1
2017-09-04 15:34:12.7715 INFO start Warehouse: 
2017-09-04 15:34:12.7715 INFO End  Warehouse: 
2017-09-04 15:34:12.7925 INFO End  City: 
2017-09-04 15:34:12.7925 INFO User ID : 1 , Company Id : 1
2017-09-04 15:34:12.8365 INFO End  Cluster: 
2017-09-04 15:34:12.8595 INFO End  Return: 
2017-09-04 15:34:13.6827 INFO End  Return: 
2017-09-04 15:34:13.6827 INFO start Message: 
2017-09-04 15:34:13.7048 INFO End  Message: 
2017-09-04 15:34:34.9480 INFO start Warehouse: 
2017-09-04 15:34:34.9480 INFO start ItemMaster: 
2017-09-04 15:34:34.9560 INFO User ID : 1 , Company Id : 1
2017-09-04 15:34:34.9560 INFO User ID : 1 , Company Id : 1
2017-09-04 15:34:34.9780 INFO End  Warehouse: 
2017-09-04 15:34:34.9780 INFO End ItemMaster: 
2017-09-04 15:35:21.7572 INFO start TaxGroup: 
2017-09-04 15:35:21.7572 INFO User ID : 1 , Company Id : 1
2017-09-04 15:35:21.7572 INFO start City: 
2017-09-04 15:35:21.7692 INFO start SubCategory: 
2017-09-04 15:35:21.7692 INFO start Subsubategory: 
2017-09-04 15:35:21.7692 INFO User ID : 1 , Company Id : 1
2017-09-04 15:35:21.7692 INFO End  TaxGroup: 
2017-09-04 15:35:21.7692 INFO User ID : 1 , Company Id : 1
2017-09-04 15:35:21.7902 INFO User ID : 1 , Company Id : 1
2017-09-04 15:35:21.7902 INFO End  City: 
2017-09-04 15:35:21.8062 INFO start Category: 
2017-09-04 15:35:21.8232 INFO User ID : 1 , Company Id : 1
2017-09-04 15:35:21.8232 INFO start Category: 
2017-09-04 15:35:21.8342 INFO User ID : 1 , Company Id : 1
2017-09-04 15:35:21.8232 INFO End  SubCategory: 
2017-09-04 15:35:21.8342 INFO End  Category: 
2017-09-04 15:35:21.8342 INFO End  Subsubategory: 
2017-09-04 15:35:23.7938 INFO End  WarehouseCategory: 
2017-09-04 15:35:23.8118 INFO start Supplier: 
2017-09-04 15:35:23.8238 INFO User ID : 1 , Company Id : 1
2017-09-04 15:35:23.8468 INFO End  Supplier: 
2017-09-04 15:35:53.2528 INFO User ID : 1 , Company Id : 1
2017-09-04 15:36:01.6731 INFO Get Company: 
2017-09-04 15:36:01.6781 INFO End Get Company: 
2017-09-04 15:36:01.7622 INFO start Warehouse: 
2017-09-04 15:36:01.7622 INFO start ItemMaster: 
2017-09-04 15:36:01.7622 INFO User ID : 1 , Company Id : 1
2017-09-04 15:36:01.7712 INFO User ID : 1 , Company Id : 1
2017-09-04 15:36:01.7712 INFO End  Warehouse: 
2017-09-04 15:36:01.7862 INFO End ItemMaster: 
2017-09-04 15:37:26.6298 INFO start City: 
2017-09-04 15:37:26.6298 INFO User ID : 1 , Company Id : 1
2017-09-04 15:37:26.6298 INFO start Category: 
2017-09-04 15:37:26.6499 INFO User ID : 1 , Company Id : 1
2017-09-04 15:37:26.6499 INFO start SubCategory: 
2017-09-04 15:37:26.6499 INFO End  City: 
2017-09-04 15:37:26.6499 INFO start TaxGroup: 
2017-09-04 15:37:26.6589 INFO start Subsubategory: 
2017-09-04 15:37:26.6589 INFO End  Category: 
2017-09-04 15:37:26.6589 INFO User ID : 1 , Company Id : 1
2017-09-04 15:37:26.6499 INFO start Category: 
2017-09-04 15:37:26.6799 INFO User ID : 1 , Company Id : 1
2017-09-04 15:37:26.6799 INFO User ID : 1 , Company Id : 1
2017-09-04 15:37:26.6909 INFO start Supplier: 
2017-09-04 15:37:26.7229 INFO User ID : 1 , Company Id : 1
2017-09-04 15:37:26.7189 INFO End  TaxGroup: 
2017-09-04 15:37:26.6909 INFO End  SubCategory: 
2017-09-04 15:37:26.6909 INFO User ID : 1 , Company Id : 1
2017-09-04 15:37:26.7229 INFO End  Subsubategory: 
2017-09-04 15:37:26.7229 INFO End  Supplier: 
2017-09-04 15:37:28.3628 INFO End  WarehouseCategory: 
2017-09-04 15:37:45.4145 INFO User ID : 1 , Company Id : 1
2017-09-04 15:37:52.1762 INFO Get Company: 
2017-09-04 15:37:52.1762 INFO End Get Company: 
2017-09-04 15:37:52.2873 INFO start Warehouse: 
2017-09-04 15:37:52.2873 INFO start ItemMaster: 
2017-09-04 15:37:52.2873 INFO User ID : 1 , Company Id : 1
2017-09-04 15:37:52.2873 INFO User ID : 1 , Company Id : 1
2017-09-04 15:37:52.3153 INFO End  Warehouse: 
2017-09-04 15:37:52.3153 INFO End ItemMaster: 
2017-09-04 15:39:25.3400 INFO start Category: 
2017-09-04 15:39:25.3400 INFO User ID : 1 , Company Id : 1
2017-09-04 15:39:25.3400 INFO start City: 
2017-09-04 15:39:25.3400 INFO start SubCategory: 
2017-09-04 15:39:25.3400 INFO start Subsubategory: 
2017-09-04 15:39:25.3520 INFO End  Category: 
2017-09-04 15:39:25.3520 INFO User ID : 1 , Company Id : 1
2017-09-04 15:39:25.3651 INFO User ID : 1 , Company Id : 1
2017-09-04 15:39:25.3520 INFO User ID : 1 , Company Id : 1
2017-09-04 15:39:25.3651 INFO start TaxGroup: 
2017-09-04 15:39:25.3781 INFO End  City: 
2017-09-04 15:39:25.3781 INFO End  Subsubategory: 
2017-09-04 15:39:25.3781 INFO End  SubCategory: 
2017-09-04 15:39:25.3781 INFO User ID : 1 , Company Id : 1
2017-09-04 15:39:25.4101 INFO start Category: 
2017-09-04 15:39:25.4101 INFO User ID : 1 , Company Id : 1
2017-09-04 15:39:25.4101 INFO End  TaxGroup: 
2017-09-04 15:39:25.4101 INFO start Supplier: 
2017-09-04 15:39:26.8846 INFO User ID : 1 , Company Id : 1
2017-09-04 15:39:26.8746 INFO End  WarehouseCategory: 
2017-09-04 15:39:26.8846 INFO End  Supplier: 
2017-09-04 15:39:49.0773 INFO User ID : 1 , Company Id : 1
2017-09-04 15:39:51.9461 ERROR Cannot create a file when that file already exists.

2017-09-04 15:40:36.4477 INFO start TaxGroup: 
2017-09-04 15:40:36.4477 INFO User ID : 1 , Company Id : 1
2017-09-04 15:40:36.4477 INFO start City: 
2017-09-04 15:40:36.4477 INFO start Category: 
2017-09-04 15:40:36.4477 INFO start SubCategory: 
2017-09-04 15:40:36.4567 INFO start Subsubategory: 
2017-09-04 15:40:36.4567 INFO End  TaxGroup: 
2017-09-04 15:40:36.4567 INFO User ID : 1 , Company Id : 1
2017-09-04 15:40:36.4737 INFO User ID : 1 , Company Id : 1
2017-09-04 15:40:36.4737 INFO User ID : 1 , Company Id : 1
2017-09-04 15:40:36.4567 INFO User ID : 1 , Company Id : 1
2017-09-04 15:40:36.4887 INFO start Category: 
2017-09-04 15:40:36.4887 INFO End  City: 
2017-09-04 15:40:36.4887 INFO End  Subsubategory: 
2017-09-04 15:40:36.4887 INFO End  SubCategory: 
2017-09-04 15:40:36.5067 INFO End  Category: 
2017-09-04 15:40:36.5067 INFO User ID : 1 , Company Id : 1
2017-09-04 15:40:36.5227 INFO start Supplier: 
2017-09-04 15:40:44.7972 INFO User ID : 1 , Company Id : 1
2017-09-04 15:40:44.8192 INFO End  Supplier: 
2017-09-04 15:40:44.8192 INFO End  WarehouseCategory: 
2017-09-04 15:42:37.2729 INFO User ID : 1 , Company Id : 1
2017-09-04 15:42:44.7320 ERROR Cannot create a file when that file already exists.

2017-09-04 16:05:18.9425 INFO start Warehouse: 
2017-09-04 16:05:18.9425 INFO Get Company: 
2017-09-04 16:05:18.9595 INFO End Get Company: 
2017-09-04 16:05:18.9595 INFO User ID : 1 , Company Id : 1
2017-09-04 16:05:23.1942 INFO End  Warehouse: 
2017-09-04 16:05:32.2618 INFO start ItemMaster: 
2017-09-04 16:05:32.2618 INFO User ID : 1 , Company Id : 1
2017-09-04 16:05:32.3099 INFO start Warehouse: 
2017-09-04 16:05:32.3099 INFO User ID : 1 , Company Id : 1
2017-09-04 16:05:32.3259 INFO End  Warehouse: 
2017-09-04 16:05:32.3259 INFO start get all Sales Executive: 
2017-09-04 16:05:32.3399 INFO User ID : 1 , Company Id : 1
2017-09-04 16:05:32.3839 INFO End ItemMaster: 
2017-09-04 16:10:21.0282 INFO Get Company: 
2017-09-04 16:10:21.0282 INFO start Warehouse: 
2017-09-04 16:10:21.0552 INFO End Get Company: 
2017-09-04 16:10:21.0552 INFO User ID : 1 , Company Id : 1
2017-09-04 16:10:25.4037 INFO End  Warehouse: 
2017-09-04 16:10:25.7129 INFO start get all Sales Executive: 
2017-09-04 16:10:25.7129 INFO User ID : 1 , Company Id : 1
2017-09-04 16:10:40.1366 INFO start Warehouse: 
2017-09-04 16:10:40.1456 INFO User ID : 1 , Company Id : 1
2017-09-04 16:10:40.1456 INFO start ItemMaster: 
2017-09-04 16:10:40.1456 INFO End  Warehouse: 
2017-09-04 16:10:40.1606 INFO User ID : 1 , Company Id : 1
2017-09-04 16:10:40.2426 INFO End ItemMaster: 
2017-09-04 16:11:18.0667 INFO start City: 
2017-09-04 16:11:18.0667 INFO User ID : 1 , Company Id : 1
2017-09-04 16:11:18.0667 INFO start Subsubategory: 
2017-09-04 16:11:18.1357 INFO User ID : 1 , Company Id : 1
2017-09-04 16:11:18.1357 INFO End  City: 
2017-09-04 16:11:18.1357 INFO start SubCategory: 
2017-09-04 16:11:18.2038 INFO User ID : 1 , Company Id : 1
2017-09-04 16:11:18.2218 INFO start TaxGroup: 
2017-09-04 16:11:18.2388 INFO User ID : 1 , Company Id : 1
2017-09-04 16:11:18.2218 INFO start Category: 
2017-09-04 16:11:18.2598 INFO User ID : 1 , Company Id : 1
2017-09-04 16:11:18.2218 INFO End  Subsubategory: 
2017-09-04 16:11:18.2598 INFO End  SubCategory: 
2017-09-04 16:11:18.3078 INFO End  Category: 
2017-09-04 16:11:18.3218 INFO End  TaxGroup: 
2017-09-04 16:11:18.3519 INFO start Category: 
2017-09-04 16:11:18.3649 INFO User ID : 1 , Company Id : 1
2017-09-04 16:11:18.3649 INFO start Supplier: 
2017-09-04 16:11:49.4525 INFO User ID : 1 , Company Id : 1
2017-09-04 16:11:51.3234 INFO End  WarehouseCategory: 
2017-09-04 16:11:51.6267 INFO End  Supplier: 
2017-09-04 16:12:22.3313 INFO User ID : 1 , Company Id : 1
2017-09-04 16:12:26.6898 ERROR Could not find file 'C:\Users\user\Desktop\Fertilizerapp\AngularJSAuthentication.API\images\itemimages\UploadedLogos\01MF10111.jpg'.
2017-09-04 16:16:03.5231 INFO Get Company: 
2017-09-04 16:16:03.5351 INFO End Get Company: 
2017-09-04 16:16:03.5762 INFO start Warehouse: 
2017-09-04 16:16:03.5762 INFO User ID : 1 , Company Id : 1
2017-09-04 16:16:03.5762 INFO start ItemMaster: 
2017-09-04 16:16:03.5902 INFO User ID : 1 , Company Id : 1
2017-09-04 16:16:03.5902 INFO End  Warehouse: 
2017-09-04 16:16:03.6052 INFO End ItemMaster: 
2017-09-04 16:16:15.1504 INFO start Category: 
2017-09-04 16:16:15.1504 INFO User ID : 1 , Company Id : 1
2017-09-04 16:16:15.1635 INFO start City: 
2017-09-04 16:16:15.1635 INFO User ID : 1 , Company Id : 1
2017-09-04 16:16:15.1635 INFO start TaxGroup: 
2017-09-04 16:16:15.1504 INFO start SubCategory: 
2017-09-04 16:16:15.1635 INFO start Subsubategory: 
2017-09-04 16:16:15.1635 INFO End  Category: 
2017-09-04 16:16:15.1635 INFO start Category: 
2017-09-04 16:16:15.1805 INFO User ID : 1 , Company Id : 1
2017-09-04 16:16:15.1805 INFO User ID : 1 , Company Id : 1
2017-09-04 16:16:15.1805 INFO User ID : 1 , Company Id : 1
2017-09-04 16:16:15.1805 INFO End  City: 
2017-09-04 16:16:15.2015 INFO User ID : 1 , Company Id : 1
2017-09-04 16:16:15.2135 INFO End  SubCategory: 
2017-09-04 16:16:15.2135 INFO End  TaxGroup: 
2017-09-04 16:16:15.2235 INFO End  Subsubategory: 
2017-09-04 16:16:16.8010 INFO End  WarehouseCategory: 
2017-09-04 16:16:16.8310 INFO start Supplier: 
2017-09-04 16:16:16.8620 INFO User ID : 1 , Company Id : 1
2017-09-04 16:16:16.8620 INFO End  Supplier: 
2017-09-04 16:16:40.2512 INFO User ID : 1 , Company Id : 1
2017-09-04 16:16:46.6134 ERROR Cannot create a file when that file already exists.

2017-09-04 16:21:23.8298 INFO Get Company: 
2017-09-04 16:21:23.8348 INFO End Get Company: 
2017-09-04 16:21:23.9519 INFO start Warehouse: 
2017-09-04 16:21:23.9569 INFO User ID : 1 , Company Id : 1
2017-09-04 16:21:23.9519 INFO start ItemMaster: 
2017-09-04 16:21:23.9569 INFO User ID : 1 , Company Id : 1
2017-09-04 16:21:23.9569 INFO End  Warehouse: 
2017-09-04 16:21:23.9789 INFO End ItemMaster: 
2017-09-04 16:21:30.1106 INFO start SubCategory: 
2017-09-04 16:21:30.1166 INFO User ID : 1 , Company Id : 1
2017-09-04 16:21:30.1166 INFO start City: 
2017-09-04 16:21:30.1276 INFO User ID : 1 , Company Id : 1
2017-09-04 16:21:30.1276 INFO start Category: 
2017-09-04 16:21:30.1166 INFO start Category: 
2017-09-04 16:21:30.1276 INFO start TaxGroup: 
2017-09-04 16:21:30.1276 INFO End  SubCategory: 
2017-09-04 16:21:30.1276 INFO start Subsubategory: 
2017-09-04 16:21:30.1456 INFO User ID : 1 , Company Id : 1
2017-09-04 16:21:30.1276 INFO User ID : 1 , Company Id : 1
2017-09-04 16:21:30.1276 INFO End  City: 
2017-09-04 16:21:30.1606 INFO User ID : 1 , Company Id : 1
2017-09-04 16:21:30.1456 INFO User ID : 1 , Company Id : 1
2017-09-04 16:21:30.1606 INFO start Supplier: 
2017-09-04 16:21:35.5960 INFO User ID : 1 , Company Id : 1
2017-09-04 16:21:35.6181 INFO End  TaxGroup: 
2017-09-04 16:21:35.6301 INFO End  Supplier: 
2017-09-04 16:21:35.5960 INFO End  Subsubategory: 
2017-09-04 16:21:30.1606 INFO End  Category: 
2017-09-04 16:21:41.8357 INFO End  WarehouseCategory: 
2017-09-04 16:23:59.8246 INFO User ID : 1 , Company Id : 1
2017-09-04 16:24:05.4206 ERROR Could not find file 'C:\Users\user\Desktop\Fertilizerapp\AngularJSAuthentication.API\images\itemimages\UploadedLogos\01MF10111.jpg'.
2017-09-04 16:25:47.7261 INFO start SubCategory: 
2017-09-04 16:25:47.7261 INFO User ID : 1 , Company Id : 1
2017-09-04 16:25:47.7261 INFO start City: 
2017-09-04 16:25:47.7261 INFO start Category: 
2017-09-04 16:25:47.7441 INFO User ID : 1 , Company Id : 1
2017-09-04 16:25:47.7441 INFO End  SubCategory: 
2017-09-04 16:25:47.7441 INFO start TaxGroup: 
2017-09-04 16:25:47.7441 INFO User ID : 1 , Company Id : 1
2017-09-04 16:25:47.7681 INFO start Subsubategory: 
2017-09-04 16:25:47.7591 INFO End  City: 
2017-09-04 16:25:47.7591 INFO User ID : 1 , Company Id : 1
2017-09-04 16:25:47.7681 INFO User ID : 1 , Company Id : 1
2017-09-04 16:25:47.7681 INFO End  Category: 
2017-09-04 16:25:47.8021 INFO start Category: 
2017-09-04 16:25:47.8021 INFO User ID : 1 , Company Id : 1
2017-09-04 16:25:47.7961 INFO End  TaxGroup: 
2017-09-04 16:25:47.8021 INFO End  Subsubategory: 
2017-09-04 16:25:47.8021 INFO start Supplier: 
2017-09-04 16:26:03.6440 INFO User ID : 1 , Company Id : 1
2017-09-04 16:26:03.6440 INFO End  WarehouseCategory: 
2017-09-04 16:26:03.6650 INFO End  Supplier: 
2017-09-04 16:27:30.2603 INFO User ID : 1 , Company Id : 1
2017-09-04 16:27:32.6960 ERROR Cannot create a file when that file already exists.

2017-09-04 16:33:17.1589 INFO start OrderMaster: 
2017-09-04 16:33:17.1589 INFO User ID : 1 , Company Id : 1
2017-09-04 16:33:17.1900 INFO End OrderMaster: 
2017-09-04 16:33:19.5927 INFO start State: 
2017-09-04 16:33:19.5927 INFO User ID : 1 , Company Id : 1
2017-09-04 16:33:19.6178 INFO End  Stste: 
2017-09-04 16:33:20.9499 INFO start City: 
2017-09-04 16:33:20.9499 INFO User ID : 1 , Company Id : 1
2017-09-04 16:33:20.9499 INFO Get Peoples: 
2017-09-04 16:33:20.9499 INFO start Warehouse: 
2017-09-04 16:33:20.9649 INFO End Get Company: 
2017-09-04 16:33:20.9649 INFO End  City: 
2017-09-04 16:33:20.9649 INFO User ID : 1 , Company Id : 1
2017-09-04 16:33:21.0109 INFO End  Warehouse: 
2017-09-04 16:33:21.0630 INFO start Warehouse: 
2017-09-04 16:33:21.0720 INFO User ID : 1 , Company Id : 1
2017-09-04 16:33:21.0890 INFO End  Warehouse: 
2017-09-04 16:33:22.3903 INFO start City: 
2017-09-04 16:33:22.3963 INFO User ID : 1 , Company Id : 1
2017-09-04 16:33:22.3963 INFO End  City: 
2017-09-04 16:33:46.9171 INFO start OrderMaster: 
2017-09-04 16:33:46.9171 INFO User ID : 1 , Company Id : 1
2017-09-04 16:33:46.9291 INFO End OrderMaster: 
2017-09-04 16:38:00.1267 INFO start ItemMaster: 
2017-09-04 16:38:00.1267 INFO start Warehouse: 
2017-09-04 16:38:00.1357 INFO User ID : 1 , Company Id : 1
2017-09-04 16:38:00.1357 INFO User ID : 1 , Company Id : 1
2017-09-04 16:38:00.1887 INFO End  Warehouse: 
2017-09-04 16:38:00.2048 INFO End ItemMaster: 
2017-09-04 16:54:51.4043 INFO Get Company: 
2017-09-04 16:54:51.4093 INFO End Get Company: 
2017-09-04 16:54:51.4093 INFO start ItemMaster: 
2017-09-04 16:54:51.4093 INFO User ID : 1 , Company Id : 1
2017-09-04 16:54:51.4253 INFO start Warehouse: 
2017-09-04 16:54:51.4253 INFO User ID : 1 , Company Id : 1
2017-09-04 16:54:51.4413 INFO End ItemMaster: 
2017-09-04 16:54:51.4413 INFO End  Warehouse: 
2017-09-04 16:55:12.5803 INFO start Warehouse: 
2017-09-04 16:55:12.5803 INFO Get Peoples: 
2017-09-04 16:55:12.5833 INFO start City: 
2017-09-04 16:55:12.5833 INFO User ID : 1 , Company Id : 1
2017-09-04 16:55:12.5833 INFO End Get Company: 
2017-09-04 16:55:12.5963 INFO User ID : 1 , Company Id : 1
2017-09-04 16:55:12.5963 INFO End  Warehouse: 
2017-09-04 16:55:12.6303 INFO End  City: 
2017-09-04 16:55:12.6513 INFO start Warehouse: 
2017-09-04 16:55:12.6643 INFO User ID : 1 , Company Id : 1
2017-09-04 16:55:12.6793 INFO End  Warehouse: 
2017-09-04 16:55:20.1421 INFO start Warehouse: 
2017-09-04 16:55:20.1461 INFO User ID : 1 , Company Id : 1
2017-09-04 16:55:20.1421 INFO start City: 
2017-09-04 16:55:20.1461 INFO End  Warehouse: 
2017-09-04 16:55:20.1461 INFO User ID : 1 , Company Id : 1
2017-09-04 16:55:20.1671 INFO End  City: 
2017-09-04 16:55:22.3114 INFO start CustomerCategory: 
2017-09-04 16:55:22.3164 INFO User ID : 1 , Company Id : 1
2017-09-04 16:55:22.3424 INFO End  CustomerCategory: 
2017-09-04 16:55:28.8875 INFO start get all Sales Executive: 
2017-09-04 16:55:28.8875 INFO User ID : 1 , Company Id : 1
2017-09-04 16:55:28.9495 INFO End  Sales Executive: 
2017-09-04 16:55:31.2522 INFO start get all Sales Executive: 
2017-09-04 16:55:31.2562 INFO User ID : 1 , Company Id : 1
2017-09-04 16:55:31.2562 INFO End  Sales Executive: 
2017-09-04 16:55:31.2812 INFO Get Company: 
2017-09-04 16:55:31.2872 INFO End Get Company: 
2017-09-04 16:57:11.4999 INFO start OrderMaster: 
2017-09-04 16:57:11.5059 INFO User ID : 1 , Company Id : 1
2017-09-04 16:57:11.5250 INFO End OrderMaster: 
2017-09-04 16:59:32.1262 INFO start Warehouse: 
2017-09-04 16:59:32.1292 INFO User ID : 1 , Company Id : 1
2017-09-04 16:59:32.1462 INFO End  Warehouse: 
2017-09-04 16:59:32.1813 INFO start get all Sales Executive: 
2017-09-04 16:59:32.1973 INFO User ID : 1 , Company Id : 1
2017-09-04 16:59:57.7276 INFO start OrderMaster: 
2017-09-04 16:59:57.7276 INFO User ID : 1 , Company Id : 1
2017-09-04 16:59:57.7406 INFO End OrderMaster: 
2017-09-04 17:04:07.3110 INFO Get Company: 
2017-09-04 17:04:07.3250 INFO End Get Company: 
2017-09-04 17:04:07.3901 INFO start OrderMaster: 
2017-09-04 17:04:07.3951 INFO User ID : 1 , Company Id : 1
2017-09-04 17:04:07.3951 INFO End OrderMaster: 
2017-09-04 17:06:26.9501 INFO start OrderMaster: 
2017-09-04 17:06:26.9501 INFO User ID : 1 , Company Id : 1
2017-09-04 17:06:26.9621 INFO End OrderMaster: 
2017-09-04 17:06:27.0031 INFO Get Company: 
2017-09-04 17:06:27.0031 INFO End Get Company: 
2017-09-04 17:07:18.7042 INFO Get Company: 
2017-09-04 17:07:18.7082 INFO End Get Company: 
2017-09-04 17:07:18.7922 INFO start OrderMaster: 
2017-09-04 17:07:18.7922 INFO User ID : 1 , Company Id : 1
2017-09-04 17:07:18.8042 INFO End OrderMaster: 
2017-09-04 17:09:25.2989 INFO start OrderMaster: 
2017-09-04 17:09:25.3029 INFO User ID : 1 , Company Id : 1
2017-09-04 17:09:25.3029 INFO End OrderMaster: 
2017-09-04 17:09:25.3549 INFO Get Company: 
2017-09-04 17:09:25.3549 INFO End Get Company: 
2017-09-04 17:10:05.2422 INFO Get Company: 
2017-09-04 17:10:05.2422 INFO End Get Company: 
2017-09-04 17:10:05.3593 INFO start OrderMaster: 
2017-09-04 17:10:05.3643 INFO User ID : 1 , Company Id : 1
2017-09-04 17:10:05.3643 INFO End OrderMaster: 
2017-09-04 17:11:12.8620 INFO Get Company: 
2017-09-04 17:11:12.8620 INFO End Get Company: 
2017-09-04 17:11:12.9751 INFO start OrderMaster: 
2017-09-04 17:11:12.9751 INFO User ID : 1 , Company Id : 1
2017-09-04 17:11:12.9901 INFO End OrderMaster: 
2017-09-04 17:11:21.5647 INFO start City: 
2017-09-04 17:11:21.5647 INFO start Warehouse: 
2017-09-04 17:11:21.5677 INFO Get Peoples: 
2017-09-04 17:11:21.5677 INFO User ID : 1 , Company Id : 1
2017-09-04 17:11:21.5677 INFO User ID : 1 , Company Id : 1
2017-09-04 17:11:21.5677 INFO End Get Company: 
2017-09-04 17:11:21.5857 INFO End  City: 
2017-09-04 17:11:21.5857 INFO End  Warehouse: 
2017-09-04 17:11:21.6127 INFO start Warehouse: 
2017-09-04 17:11:21.6127 INFO User ID : 1 , Company Id : 1
2017-09-04 17:11:21.6127 INFO End  Warehouse: 
2017-09-04 17:11:22.2955 INFO start OrderMaster: 
2017-09-04 17:11:22.3025 INFO User ID : 1 , Company Id : 1
2017-09-04 17:11:22.3025 INFO End OrderMaster: 
2017-09-04 17:11:25.3930 INFO Get Company: 
2017-09-04 17:11:25.3980 INFO End Get Company: 
2017-09-04 17:11:25.5861 INFO start OrderMaster: 
2017-09-04 17:11:25.5861 INFO User ID : 1 , Company Id : 1
2017-09-04 17:11:25.6002 INFO End OrderMaster: 
2017-09-04 17:13:22.9413 INFO Get Company: 
2017-09-04 17:13:22.9413 INFO End Get Company: 
2017-09-04 17:13:23.0484 INFO start OrderMaster: 
2017-09-04 17:13:23.0544 INFO User ID : 1 , Company Id : 1
2017-09-04 17:13:23.0544 INFO End OrderMaster: 
2017-09-04 17:14:46.3657 INFO Get Company: 
2017-09-04 17:14:46.3657 INFO End Get Company: 
2017-09-04 17:14:46.4248 INFO start OrderMaster: 
2017-09-04 17:14:46.4248 INFO User ID : 1 , Company Id : 1
2017-09-04 17:14:46.4248 INFO End OrderMaster: 
2017-09-04 17:14:59.0736 INFO Get Peoples: 
2017-09-04 17:14:59.0906 INFO End Get Company: 
2017-09-04 17:14:59.0736 INFO start Warehouse: 
2017-09-04 17:14:59.1187 INFO User ID : 1 , Company Id : 1
2017-09-04 17:14:59.0736 INFO start City: 
2017-09-04 17:14:59.1337 INFO User ID : 1 , Company Id : 1
2017-09-04 17:14:59.1337 INFO End  Warehouse: 
2017-09-04 17:14:59.1487 INFO End  City: 
2017-09-04 17:14:59.1657 INFO start Warehouse: 
2017-09-04 17:14:59.1657 INFO User ID : 1 , Company Id : 1
2017-09-04 17:14:59.1867 INFO End  Warehouse: 
2017-09-04 17:15:00.3514 INFO start State: 
2017-09-04 17:15:00.3514 INFO User ID : 1 , Company Id : 1
2017-09-04 17:15:00.3684 INFO End  Stste: 
2017-09-04 17:15:01.8537 INFO start City: 
2017-09-04 17:15:01.8537 INFO User ID : 1 , Company Id : 1
2017-09-04 17:15:01.8667 INFO End  City: 
2017-09-04 17:15:03.0136 INFO start Slider: 
2017-09-04 17:15:03.0336 INFO End  Slider: 
2017-09-04 17:15:04.2866 INFO start Warehouse: 
2017-09-04 17:15:04.2866 INFO User ID : 1 , Company Id : 1
2017-09-04 17:15:04.2866 INFO start Warehouse: 
2017-09-04 17:15:04.3036 INFO User ID : 1 , Company Id : 1
2017-09-04 17:15:04.2866 INFO start City: 
2017-09-04 17:15:04.3237 INFO User ID : 1 , Company Id : 1
2017-09-04 17:15:04.3036 INFO End  Warehouse: 
2017-09-04 17:15:04.3387 INFO End  Cluster: 
2017-09-04 17:15:04.3036 INFO End  Return: 
2017-09-04 17:15:04.3517 INFO End  City: 
2017-09-04 17:15:06.1434 INFO End  Return: 
2017-09-04 17:15:06.1434 INFO start Message: 
2017-09-04 17:15:06.1604 INFO End  Message: 
2017-09-04 17:15:08.0206 INFO start get all Sales Executive: 
2017-09-04 17:15:08.0206 INFO User ID : 1 , Company Id : 1
2017-09-04 17:15:08.0356 INFO End  Sales Executive: 
2017-09-04 17:15:10.7188 INFO start Vehicles: 
2017-09-04 17:15:10.7238 INFO User ID : 1 , Company Id : 1
2017-09-04 17:15:10.7458 INFO End  Vehicle: 
2017-09-04 17:15:12.2928 INFO start City: 
2017-09-04 17:15:12.2928 INFO start Warehouse: 
2017-09-04 17:15:12.2928 INFO start Peoples: 
2017-09-04 17:15:12.2999 INFO User ID : 1 , Company Id : 1
2017-09-04 17:15:12.2999 INFO User ID : 1 , Company Id : 1
2017-09-04 17:15:12.2999 INFO User ID : 1 , Company Id : 1
2017-09-04 17:15:12.3229 INFO End  City: 
2017-09-04 17:15:12.3319 INFO End  Warehouse: 
2017-09-04 17:15:12.3319 INFO End  People: 
2017-09-04 17:15:12.3849 INFO start Warehouse: 
2017-09-04 17:15:12.3849 INFO User ID : 1 , Company Id : 1
2017-09-04 17:15:12.4009 INFO End  Warehouse: 
2017-09-04 17:15:13.6538 INFO start Category: 
2017-09-04 17:15:13.6538 INFO User ID : 1 , Company Id : 1
2017-09-04 17:15:13.6768 INFO End  Category: 
2017-09-04 17:15:17.5240 INFO start Warehouse: 
2017-09-04 17:15:17.5240 INFO User ID : 1 , Company Id : 1
2017-09-04 17:15:17.5240 INFO start Peoples: 
2017-09-04 17:15:17.5240 INFO start City: 
2017-09-04 17:15:17.5410 INFO End  Warehouse: 
2017-09-04 17:15:17.5410 INFO User ID : 1 , Company Id : 1
2017-09-04 17:15:17.5410 INFO User ID : 1 , Company Id : 1
2017-09-04 17:15:17.5601 INFO End  People: 
2017-09-04 17:15:17.5601 INFO start Warehouse: 
2017-09-04 17:15:17.5711 INFO End  City: 
2017-09-04 17:15:17.5911 INFO User ID : 1 , Company Id : 1
2017-09-04 17:15:17.6191 INFO End  Warehouse: 
2017-09-04 17:15:17.9029 INFO start Vehicles: 
2017-09-04 17:15:17.9029 INFO User ID : 1 , Company Id : 1
2017-09-04 17:15:17.9129 INFO End  Vehicle: 
2017-09-04 17:15:19.2042 INFO Get Peoples: 
2017-09-04 17:15:19.2042 INFO start City: 
2017-09-04 17:15:19.2072 INFO start Warehouse: 
2017-09-04 17:15:19.2072 INFO End Get Company: 
2017-09-04 17:15:19.2072 INFO User ID : 1 , Company Id : 1
2017-09-04 17:15:19.2072 INFO User ID : 1 , Company Id : 1
2017-09-04 17:15:19.2402 INFO End  City: 
2017-09-04 17:15:19.2402 INFO End  Warehouse: 
2017-09-04 17:15:19.2743 INFO start Warehouse: 
2017-09-04 17:15:19.2743 INFO User ID : 1 , Company Id : 1
2017-09-04 17:15:19.2913 INFO End  Warehouse: 
2017-09-04 17:18:54.6921 INFO Get Company: 
2017-09-04 17:18:54.6921 INFO End Get Company: 
2017-09-04 17:18:54.7341 INFO start City: 
2017-09-04 17:18:54.7341 INFO start Warehouse: 
2017-09-04 17:18:54.7381 INFO Get Peoples: 
2017-09-04 17:18:54.7381 INFO start Warehouse: 
2017-09-04 17:18:54.7381 INFO User ID : 1 , Company Id : 1
2017-09-04 17:18:54.7381 INFO User ID : 1 , Company Id : 1
2017-09-04 17:18:54.7381 INFO End Get Company: 
2017-09-04 17:18:54.7541 INFO User ID : 1 , Company Id : 1
2017-09-04 17:18:54.7541 INFO End  City: 
2017-09-04 17:18:54.7772 INFO End  Warehouse: 
2017-09-04 17:18:54.8022 INFO End  Warehouse: 
2017-09-04 17:22:53.1583 INFO Get Peoples: 
2017-09-04 17:22:53.1583 INFO start Warehouse: 
2017-09-04 17:22:53.1633 INFO start City: 
2017-09-04 17:22:53.1633 INFO Get Company: 
2017-09-04 17:22:53.1633 INFO End Get Company: 
2017-09-04 17:22:53.1633 INFO User ID : 1 , Company Id : 1
2017-09-04 17:22:53.1773 INFO User ID : 1 , Company Id : 1
2017-09-04 17:22:53.1773 INFO End Get Company: 
2017-09-04 17:22:53.2224 INFO End  Warehouse: 
2017-09-04 17:22:53.2224 INFO End  City: 
2017-09-04 17:22:53.2724 INFO start Warehouse: 
2017-09-04 17:22:53.2874 INFO User ID : 1 , Company Id : 1
2017-09-04 17:22:53.2994 INFO End  Warehouse: 
2017-09-04 17:24:04.4259 INFO Get Company: 
2017-09-04 17:24:04.4259 INFO End Get Company: 
2017-09-04 17:24:04.5089 INFO Get Peoples: 
2017-09-04 17:24:04.5089 INFO End Get Company: 
2017-09-04 17:24:04.5089 INFO start City: 
2017-09-04 17:24:04.5089 INFO start Warehouse: 
2017-09-04 17:24:04.5089 INFO start Warehouse: 
2017-09-04 17:24:04.5269 INFO User ID : 1 , Company Id : 1
2017-09-04 17:24:04.5269 INFO User ID : 1 , Company Id : 1
2017-09-04 17:24:04.5379 INFO User ID : 1 , Company Id : 1
2017-09-04 17:24:04.5379 INFO End  City: 
2017-09-04 17:24:04.5530 INFO End  Warehouse: 
2017-09-04 17:24:04.5530 INFO End  Warehouse: 
2017-09-04 17:24:06.1099 INFO start City: 
2017-09-04 17:24:06.1099 INFO start State: 
2017-09-04 17:24:06.1099 INFO start Warehouse: 
2017-09-04 17:24:06.1139 INFO User ID : 1 , Company Id : 1
2017-09-04 17:24:06.1139 INFO User ID : 1 , Company Id : 1
2017-09-04 17:24:06.1139 INFO User ID : 1 , Company Id : 1
2017-09-04 17:24:06.1309 INFO End  City: 
2017-09-04 17:24:06.1309 INFO End  Stste: 
2017-09-04 17:24:06.1309 INFO End  Warehouse: 
2017-09-04 17:24:09.7380 INFO Get Company: 
2017-09-04 17:24:09.7380 INFO End Get Company: 
2017-09-04 17:24:09.8520 INFO start City: 
2017-09-04 17:24:09.8520 INFO User ID : 1 , Company Id : 1
2017-09-04 17:24:09.8520 INFO start Warehouse: 
2017-09-04 17:24:09.8520 INFO Get Peoples: 
2017-09-04 17:24:09.8641 INFO End  City: 
2017-09-04 17:24:09.8641 INFO User ID : 1 , Company Id : 1
2017-09-04 17:24:09.8641 INFO End Get Company: 
2017-09-04 17:24:09.8911 INFO End  Warehouse: 
2017-09-04 17:24:09.9161 INFO start Warehouse: 
2017-09-04 17:24:09.9251 INFO User ID : 1 , Company Id : 1
2017-09-04 17:24:09.9251 INFO End  Warehouse: 
2017-09-04 17:35:52.2162 INFO Get Company: 
2017-09-04 17:35:52.2222 INFO End Get Company: 
2017-09-04 17:35:52.2162 INFO start Warehouse: 
2017-09-04 17:35:52.2162 INFO start City: 
2017-09-04 17:35:52.2222 INFO User ID : 1 , Company Id : 1
2017-09-04 17:35:52.2162 INFO Get Peoples: 
2017-09-04 17:35:52.2372 INFO User ID : 1 , Company Id : 1
2017-09-04 17:35:52.2372 INFO start Warehouse: 
2017-09-04 17:35:52.2372 INFO End Get Company: 
2017-09-04 17:35:52.2372 INFO End  Warehouse: 
2017-09-04 17:35:52.2612 INFO End  City: 
2017-09-04 17:35:52.2612 INFO User ID : 1 , Company Id : 1
2017-09-04 17:35:52.2932 INFO End  Warehouse: 
2017-09-04 17:36:21.7302 INFO start ItemMaster: 
2017-09-04 17:36:21.7302 INFO User ID : 1 , Company Id : 1
2017-09-04 17:36:21.7302 INFO start Warehouse: 
2017-09-04 17:36:21.7462 INFO User ID : 1 , Company Id : 1
2017-09-04 17:36:21.7462 INFO End ItemMaster: 
2017-09-04 17:36:21.7532 INFO End  Warehouse: 
2017-09-04 17:44:47.7145 INFO Get Company: 
2017-09-04 17:44:47.7215 INFO End Get Company: 
2017-09-04 17:44:47.7145 INFO start Warehouse: 
2017-09-04 17:44:47.7215 INFO start ItemMaster: 
2017-09-04 17:44:47.7215 INFO User ID : 1 , Company Id : 1
2017-09-04 17:44:47.7385 INFO User ID : 1 , Company Id : 1
2017-09-04 17:44:47.7385 INFO End  Warehouse: 
2017-09-04 17:44:47.7576 INFO End ItemMaster: 
2017-09-04 17:48:34.7853 INFO Get Company: 
2017-09-04 17:48:34.7853 INFO End Get Company: 
2017-09-04 17:48:34.8473 INFO start Warehouse: 
2017-09-04 17:48:34.8473 INFO User ID : 1 , Company Id : 1
2017-09-04 17:48:34.8473 INFO start ItemMaster: 
2017-09-04 17:48:34.8663 INFO User ID : 1 , Company Id : 1
2017-09-04 17:48:34.8663 INFO End  Warehouse: 
2017-09-04 17:48:34.8824 INFO End ItemMaster: 
2017-09-04 17:52:04.6739 INFO start ItemMaster: 
2017-09-04 17:52:04.6789 INFO start Warehouse: 
2017-09-04 17:52:04.6789 INFO User ID : 1 , Company Id : 1
2017-09-04 17:52:04.6789 INFO User ID : 1 , Company Id : 1
2017-09-04 17:52:04.6789 INFO Get Company: 
2017-09-04 17:52:04.7039 INFO End ItemMaster: 
2017-09-04 17:52:04.7159 INFO End  Warehouse: 
2017-09-04 17:52:04.7039 INFO End Get Company: 
2017-09-04 17:52:26.0326 INFO Get Company: 
2017-09-04 17:52:26.0376 INFO End Get Company: 
2017-09-04 17:52:26.1467 INFO start ItemMaster: 
2017-09-04 17:52:26.1467 INFO start Warehouse: 
2017-09-04 17:52:26.1467 INFO User ID : 1 , Company Id : 1
2017-09-04 17:52:26.1467 INFO User ID : 1 , Company Id : 1
2017-09-04 17:52:26.1727 INFO End  Warehouse: 
2017-09-04 17:52:26.1727 INFO End ItemMaster: 
2017-09-04 17:52:30.1063 INFO Get Company: 
2017-09-04 17:52:30.1123 INFO End Get Company: 
2017-09-04 17:52:30.2434 INFO start Warehouse: 
2017-09-04 17:52:30.2434 INFO start ItemMaster: 
2017-09-04 17:52:30.2434 INFO User ID : 1 , Company Id : 1
2017-09-04 17:52:30.2594 INFO User ID : 1 , Company Id : 1
2017-09-04 17:52:30.2775 INFO End  Warehouse: 
2017-09-04 17:52:30.2855 INFO End ItemMaster: 
2017-09-04 17:52:53.2120 INFO Get Company: 
2017-09-04 17:52:53.2120 INFO End Get Company: 
2017-09-04 17:52:53.3681 INFO start Warehouse: 
2017-09-04 17:52:53.3681 INFO start ItemMaster: 
2017-09-04 17:52:53.3681 INFO User ID : 1 , Company Id : 1
2017-09-04 17:52:53.3801 INFO User ID : 1 , Company Id : 1
2017-09-04 17:52:53.3801 INFO End  Warehouse: 
2017-09-04 17:52:53.3971 INFO End ItemMaster: 
2017-09-04 17:54:17.5549 INFO Get Company: 
2017-09-04 17:54:17.5549 INFO End Get Company: 
2017-09-04 17:54:19.5045 INFO start Warehouse: 
2017-09-04 17:54:19.5045 INFO start ItemMaster: 
2017-09-04 17:54:19.5235 INFO User ID : 1 , Company Id : 1
2017-09-04 17:54:19.5045 INFO User ID : 1 , Company Id : 1
2017-09-04 17:54:19.5736 INFO End ItemMaster: 
2017-09-04 17:54:19.5906 INFO End  Warehouse: 
2017-09-04 17:55:20.7004 INFO Get Company: 
2017-09-04 17:55:20.7064 INFO End Get Company: 
2017-09-04 17:55:20.7564 INFO start Warehouse: 
2017-09-04 17:55:20.7564 INFO start ItemMaster: 
2017-09-04 17:55:20.7564 INFO User ID : 1 , Company Id : 1
2017-09-04 17:55:20.7564 INFO User ID : 1 , Company Id : 1
2017-09-04 17:55:20.7734 INFO End  Warehouse: 
2017-09-04 17:55:20.7734 INFO End ItemMaster: 
2017-09-04 17:55:49.1418 INFO start OrderMaster: 
2017-09-04 17:55:49.1478 INFO User ID : 1 , Company Id : 1
2017-09-04 17:55:49.1638 INFO End OrderMaster: 
2017-09-04 17:57:12.4143 INFO start Warehouse: 
2017-09-04 17:57:12.4143 INFO start City: 
2017-09-04 17:57:12.4143 INFO Get Peoples: 
2017-09-04 17:57:12.4143 INFO User ID : 1 , Company Id : 1
2017-09-04 17:57:12.4283 INFO User ID : 1 , Company Id : 1
2017-09-04 17:57:12.4283 INFO End Get Company: 
2017-09-04 17:57:12.4473 INFO End  Warehouse: 
2017-09-04 17:57:12.4473 INFO End  City: 
2017-09-04 17:57:12.5294 INFO start Warehouse: 
2017-09-04 17:57:12.5354 INFO User ID : 1 , Company Id : 1
2017-09-04 17:57:12.5504 INFO End  Warehouse: 
2017-09-04 17:57:13.4226 INFO start City: 
2017-09-04 17:57:13.4226 INFO start State: 
2017-09-04 17:57:13.4226 INFO start Warehouse: 
2017-09-04 17:57:13.4276 INFO User ID : 1 , Company Id : 1
2017-09-04 17:57:13.4276 INFO User ID : 1 , Company Id : 1
2017-09-04 17:57:13.4276 INFO User ID : 1 , Company Id : 1
2017-09-04 17:57:13.4426 INFO End  City: 
2017-09-04 17:57:13.4426 INFO End  Warehouse: 
2017-09-04 17:57:13.4426 INFO End  Stste: 
2017-09-04 18:03:10.7324 INFO start Warehouse: 
2017-09-04 18:03:10.7324 INFO start ItemMaster: 
2017-09-04 18:03:10.7444 INFO User ID : 1 , Company Id : 1
2017-09-04 18:03:10.7444 INFO User ID : 1 , Company Id : 1
2017-09-04 18:03:10.7704 INFO End  Warehouse: 
2017-09-04 18:03:10.7874 INFO End ItemMaster: 
2017-09-04 18:30:36.7124 INFO Get Company: 
2017-09-04 18:30:36.7124 INFO End Get Company: 
2017-09-04 18:30:36.7124 INFO start ItemMaster: 
2017-09-04 18:30:36.7124 INFO start Warehouse: 
2017-09-04 18:30:36.7284 INFO User ID : 1 , Company Id : 1
2017-09-04 18:30:36.7284 INFO User ID : 1 , Company Id : 1
2017-09-04 18:30:36.7504 INFO End ItemMaster: 
2017-09-04 18:30:36.7504 INFO End  Warehouse: 
2017-09-04 18:32:03.7017 INFO start Warehouse: 
2017-09-04 18:32:03.7017 INFO start ItemMaster: 
2017-09-04 18:32:03.7077 INFO User ID : 1 , Company Id : 1
2017-09-04 18:32:03.7077 INFO User ID : 1 , Company Id : 1
2017-09-04 18:32:03.7077 INFO Get Company: 
2017-09-04 18:32:03.7377 INFO End Get Company: 
2017-09-04 18:32:03.7367 INFO End ItemMaster: 
2017-09-04 18:32:03.7377 INFO End  Warehouse: 
2017-09-04 18:32:25.2105 INFO start Subsubategory: 
2017-09-04 18:32:25.2105 INFO User ID : 1 , Company Id : 1
2017-09-04 18:32:25.2105 INFO start TaxGroup: 
2017-09-04 18:32:25.2285 INFO User ID : 1 , Company Id : 1
2017-09-04 18:32:25.2105 INFO start City: 
2017-09-04 18:32:25.2105 INFO start SubCategory: 
2017-09-04 18:32:25.2105 INFO start Category: 
2017-09-04 18:32:25.2395 INFO User ID : 1 , Company Id : 1
2017-09-04 18:32:25.2395 INFO User ID : 1 , Company Id : 1
2017-09-04 18:32:25.2285 INFO End  Subsubategory: 
2017-09-04 18:32:25.2395 INFO User ID : 1 , Company Id : 1
2017-09-04 18:32:25.2395 INFO End  TaxGroup: 
2017-09-04 18:32:25.2395 INFO start Category: 
2017-09-04 18:32:25.2585 INFO End  Category: 
2017-09-04 18:32:25.2825 INFO End  SubCategory: 
2017-09-04 18:32:25.2585 INFO End  City: 
2017-09-04 18:32:25.2825 INFO User ID : 1 , Company Id : 1
2017-09-04 18:32:25.2825 INFO start Supplier: 
2017-09-04 18:32:28.1182 INFO User ID : 1 , Company Id : 1
2017-09-04 18:32:28.1182 INFO End  WarehouseCategory: 
2017-09-04 18:32:28.1362 INFO End  Supplier: 
2017-09-04 18:34:03.1658 INFO start Subsubategory: 
2017-09-04 18:34:03.1658 INFO User ID : 1 , Company Id : 1
2017-09-04 18:34:03.1658 INFO start City: 
2017-09-04 18:34:03.1658 INFO start Category: 
2017-09-04 18:34:03.1658 INFO start TaxGroup: 
2017-09-04 18:34:03.1658 INFO start SubCategory: 
2017-09-04 18:34:03.1778 INFO start Category: 
2017-09-04 18:34:03.1778 INFO End  Subsubategory: 
2017-09-04 18:34:03.1778 INFO User ID : 1 , Company Id : 1
2017-09-04 18:34:03.1778 INFO User ID : 1 , Company Id : 1
2017-09-04 18:34:03.1918 INFO User ID : 1 , Company Id : 1
2017-09-04 18:34:03.1918 INFO User ID : 1 , Company Id : 1
2017-09-04 18:34:03.1918 INFO User ID : 1 , Company Id : 1
2017-09-04 18:34:03.2148 INFO start Supplier: 
2017-09-04 18:34:05.1976 INFO End  WarehouseCategory: 
2017-09-04 18:34:05.1976 INFO End  Category: 
2017-09-04 18:34:03.2259 INFO End  City: 
2017-09-04 18:34:05.2067 INFO End  TaxGroup: 
2017-09-04 18:34:05.2067 INFO User ID : 1 , Company Id : 1
2017-09-04 18:34:05.2067 INFO End  SubCategory: 
2017-09-04 18:34:05.2627 INFO End  Supplier: 
2017-09-04 18:35:36.9296 INFO User ID : 1 , Company Id : 1
2017-09-04 18:35:38.3072 ERROR Could not find file 'C:\Users\user\Desktop\Fertilizerapp\AngularJSAuthentication.API\images\itemimages\UploadedLogos\01MF10111.jpg'.
2017-09-04 18:35:46.5693 INFO start City: 
2017-09-04 18:35:46.5693 INFO User ID : 1 , Company Id : 1
2017-09-04 18:35:46.5693 INFO start SubCategory: 
2017-09-04 18:35:46.5693 INFO start TaxGroup: 
2017-09-04 18:35:46.5693 INFO start Subsubategory: 
2017-09-04 18:35:46.5813 INFO start Category: 
2017-09-04 18:35:46.5813 INFO End  City: 
2017-09-04 18:35:46.5813 INFO User ID : 1 , Company Id : 1
2017-09-04 18:35:46.5963 INFO User ID : 1 , Company Id : 1
2017-09-04 18:35:46.5813 INFO User ID : 1 , Company Id : 1
2017-09-04 18:35:46.5963 INFO User ID : 1 , Company Id : 1
2017-09-04 18:35:46.6213 INFO start Category: 
2017-09-04 18:35:46.6293 INFO User ID : 1 , Company Id : 1
2017-09-04 18:35:46.6213 INFO End  SubCategory: 
2017-09-04 18:35:46.6293 INFO End  Subsubategory: 
2017-09-04 18:35:46.6293 INFO End  TaxGroup: 
2017-09-04 18:35:46.6293 INFO End  Category: 
2017-09-04 18:35:48.6531 INFO End  WarehouseCategory: 
2017-09-04 18:35:48.6741 INFO start Supplier: 
2017-09-04 18:35:48.7212 INFO User ID : 1 , Company Id : 1
2017-09-04 18:35:48.7342 INFO End  Supplier: 
2017-09-04 18:37:44.1647 INFO User ID : 1 , Company Id : 1
2017-09-04 18:39:06.2351 ERROR Cannot create a file when that file already exists.

2017-09-04 18:40:58.2464 INFO start SubCategory: 
2017-09-04 18:40:58.2464 INFO User ID : 1 , Company Id : 1
2017-09-04 18:40:58.2464 INFO start Subsubategory: 
2017-09-04 18:40:58.2554 INFO start City: 
2017-09-04 18:40:58.2554 INFO start Category: 
2017-09-04 18:40:58.2554 INFO User ID : 1 , Company Id : 1
2017-09-04 18:40:58.2554 INFO End  SubCategory: 
2017-09-04 18:40:58.2685 INFO User ID : 1 , Company Id : 1
2017-09-04 18:40:58.2915 INFO End  Subsubategory: 
2017-09-04 18:40:58.2685 INFO User ID : 1 , Company Id : 1
2017-09-04 18:40:58.2915 INFO start TaxGroup: 
2017-09-04 18:40:58.3255 INFO User ID : 1 , Company Id : 1
2017-09-04 18:40:58.3045 INFO End  City: 
2017-09-04 18:40:58.3335 INFO start Category: 
2017-09-04 18:40:58.3255 INFO End  Category: 
2017-09-04 18:40:58.3495 INFO End  TaxGroup: 
2017-09-04 18:40:58.3495 INFO start Supplier: 
2017-09-04 18:40:58.3495 INFO User ID : 1 , Company Id : 1
2017-09-04 18:40:58.3765 INFO User ID : 1 , Company Id : 1
2017-09-04 18:41:26.6880 INFO End  WarehouseCategory: 
2017-09-04 18:41:26.7120 INFO End  Supplier: 
2017-09-04 18:41:47.8694 INFO start Warehouse: 
2017-09-04 18:41:47.8694 INFO User ID : 1 , Company Id : 1
2017-09-04 18:41:47.8864 INFO End  Warehouse: 
2017-09-04 18:41:47.9915 INFO start get all Sales Executive: 
2017-09-04 18:41:48.0025 INFO User ID : 1 , Company Id : 1
2017-09-04 18:41:49.4116 INFO start Warehouse: 
2017-09-04 18:41:49.4116 INFO User ID : 1 , Company Id : 1
2017-09-04 18:41:49.4116 INFO End  Warehouse: 
2017-09-04 18:41:49.4366 INFO Get Company: 
2017-09-04 18:41:49.4416 INFO End Get Company: 
2017-09-04 18:41:49.4836 INFO start get all Sales Executive: 
2017-09-04 18:41:49.4886 INFO User ID : 1 , Company Id : 1
2017-09-04 18:43:03.9045 INFO start Warehouse: 
2017-09-04 18:43:03.9105 INFO User ID : 1 , Company Id : 1
2017-09-04 18:43:03.9105 INFO start ItemMaster: 
2017-09-04 18:43:03.9375 INFO User ID : 1 , Company Id : 1
2017-09-04 18:43:03.9375 INFO End  Warehouse: 
2017-09-04 18:43:03.9495 INFO End ItemMaster: 
2017-09-04 18:44:41.6372 INFO start Subsubategory: 
2017-09-04 18:44:41.6432 INFO User ID : 1 , Company Id : 1
2017-09-04 18:44:41.6372 INFO start City: 
2017-09-04 18:44:41.6432 INFO User ID : 1 , Company Id : 1
2017-09-04 18:44:41.6432 INFO start SubCategory: 
2017-09-04 18:44:41.6432 INFO start Category: 
2017-09-04 18:44:41.6432 INFO start Category: 
2017-09-04 18:44:41.6432 INFO End  Subsubategory: 
2017-09-04 18:44:41.6432 INFO start TaxGroup: 
2017-09-04 18:44:41.6642 INFO End  City: 
2017-09-04 18:44:41.6642 INFO User ID : 1 , Company Id : 1
2017-09-04 18:44:41.6642 INFO User ID : 1 , Company Id : 1
2017-09-04 18:44:41.6902 INFO User ID : 1 , Company Id : 1
2017-09-04 18:44:41.6772 INFO User ID : 1 , Company Id : 1
2017-09-04 18:44:41.6902 INFO start Supplier: 
2017-09-04 18:44:43.0333 INFO User ID : 1 , Company Id : 1
2017-09-04 18:44:41.7082 INFO End  Category: 
2017-09-04 18:44:41.7082 INFO End  SubCategory: 
2017-09-04 18:44:41.7082 INFO End  TaxGroup: 
2017-09-04 18:44:43.0393 INFO End  WarehouseCategory: 
2017-09-04 18:44:43.0393 INFO End  Supplier: 
2017-09-04 18:45:39.5479 INFO start Category: 
2017-09-04 18:45:39.5539 INFO User ID : 1 , Company Id : 1
2017-09-04 18:45:39.5479 INFO start Category: 
2017-09-04 18:45:41.2583 INFO start City: 
2017-09-04 18:45:39.5539 INFO start Subsubategory: 
2017-09-04 18:45:41.2723 INFO User ID : 1 , Company Id : 1
2017-09-04 18:45:41.2583 INFO User ID : 1 , Company Id : 1
2017-09-04 18:45:41.2583 INFO start SubCategory: 
2017-09-04 18:45:41.2583 INFO start TaxGroup: 
2017-09-04 18:45:41.2583 INFO User ID : 1 , Company Id : 1
2017-09-04 18:45:41.2583 INFO End  WarehouseCategory: 
2017-09-04 18:45:41.2723 INFO End  Subsubategory: 
2017-09-04 18:45:41.3044 INFO End  City: 
2017-09-04 18:45:41.2863 INFO User ID : 1 , Company Id : 1
2017-09-04 18:45:41.2863 INFO End  Category: 
2017-09-04 18:45:41.2863 INFO User ID : 1 , Company Id : 1
2017-09-04 18:45:41.3044 INFO start Supplier: 
2017-09-04 18:45:41.3324 INFO End  SubCategory: 
2017-09-04 18:45:41.3624 INFO User ID : 1 , Company Id : 1
2017-09-04 18:45:41.3624 INFO End  TaxGroup: 
2017-09-04 18:45:41.3924 INFO End  Supplier: 
2017-09-04 18:46:52.3001 INFO start OrderMaster: 
2017-09-04 18:46:52.3001 INFO User ID : 1 , Company Id : 1
2017-09-04 18:46:52.3001 INFO End OrderMaster: 
2017-09-04 18:46:55.7194 INFO start Warehouse: 
2017-09-04 18:46:55.7194 INFO start ItemMaster: 
2017-09-04 18:46:55.7244 INFO User ID : 1 , Company Id : 1
2017-09-04 18:46:55.7244 INFO User ID : 1 , Company Id : 1
2017-09-04 18:46:55.7394 INFO End  Warehouse: 
2017-09-04 18:46:55.7394 INFO End ItemMaster: 
2017-09-04 18:55:53.0199 INFO start Warehouse: 
2017-09-04 18:55:53.0199 INFO User ID : 1 , Company Id : 1
2017-09-04 18:55:53.0389 INFO End  Warehouse: 
2017-09-04 18:55:57.1546 INFO start Warehouse: 
2017-09-04 18:55:57.1546 INFO User ID : 1 , Company Id : 1
2017-09-04 18:55:57.1716 INFO End  Cluster: 
2017-09-04 18:55:59.2405 INFO start Category: 
2017-09-04 18:55:59.2405 INFO User ID : 1 , Company Id : 1
2017-09-04 18:56:00.6331 INFO End  WarehouseCategory: 
2017-09-04 18:56:04.7700 INFO start WarehouseSupplier: 
2017-09-04 18:56:04.7700 INFO User ID : 1 , Company Id : 1
2017-09-04 18:56:04.8021 INFO End  Warehouse: 
2017-09-04 18:56:10.9267 INFO start ItemMaster: 
2017-09-04 18:56:10.9267 INFO User ID : 1 , Company Id : 1
2017-09-04 18:56:10.9267 INFO start Warehouse: 
2017-09-04 18:56:10.9497 INFO User ID : 1 , Company Id : 1
2017-09-04 18:56:10.9657 INFO End ItemMaster: 
2017-09-04 18:56:10.9927 INFO End  Warehouse: 
2017-09-04 18:57:45.6325 INFO Get Company: 
2017-09-04 18:57:45.6325 INFO End Get Company: 
2017-09-04 18:57:45.7306 INFO start Warehouse: 
2017-09-04 18:57:45.7306 INFO start ItemMaster: 
2017-09-04 18:57:45.7306 INFO User ID : 1 , Company Id : 1
2017-09-04 18:57:45.7386 INFO User ID : 1 , Company Id : 1
2017-09-04 18:57:45.7386 INFO End  Warehouse: 
2017-09-04 18:57:45.7566 INFO End ItemMaster: 
2017-09-04 19:15:25.1203 INFO start Warehouse: 
2017-09-04 19:15:25.1203 INFO User ID : 1 , Company Id : 1
2017-09-04 19:15:25.1403 INFO End  Warehouse: 
2017-09-04 19:15:26.2594 INFO start Warehouse: 
2017-09-04 19:15:26.2594 INFO User ID : 1 , Company Id : 1
2017-09-04 19:15:26.2714 INFO End  Warehouse: 
2017-09-04 19:15:26.2884 INFO Get Company: 
2017-09-04 19:15:26.2884 INFO End Get Company: 
2017-09-04 19:15:26.3195 INFO start get all Sales Executive: 
2017-09-04 19:15:26.3195 INFO User ID : 1 , Company Id : 1
